Default/key_1.java
Default/dodaj_nominal_2zl.java
Default/Jav.java
Default/key_9.java
Default/serwisOut.java
Default/dodaj_nominal_10gr.java
Default/key_4.java
Default/do_wyboru.java
Default/Produkt.java
Default/dodaj_nominal_5.java
Default/Default_pkgClass.java
Default/key_7.java
Default/wylaczSerwisowanie.java
Default/key_2.java
Default/zwrot.java
Default/dodaj_nominal_20gr.java
Mainzoinha.java
Default/platnoscsms.java
Default/key_5.java
Default/powrot.java
Default/event_6.java
Default/dodaj_nominal_1zl.java
Default/key_8.java
Default/serwisIn.java
Default/dodaj_nominal_50gr.java
Default/key_3.java
Default/starcik.java
Default/dodaj_nominal_5gr.java
Default/key_6.java
Default/wlaczSerwisowanie.java
Default/event_4.java
