Default/serwisOut.java
Default/dodaj_nominal_20gr.java
Default/Jav.java
Default/event_6.java
Mainprzemka.java
Default/powrot.java
Default/zwrot.java
Default/Default_pkgClass.java
Default/wlaczSerwisowanie.java
Default/dodaj_nominal_50gr.java
Default/dodaj_nominal_5gr.java
Default/starcik.java
Default/event_4.java
Default/serwisIn.java
Default/dodaj_nominal_1zl.java
Default/Produkt.java
Default/wylaczSerwisowanie.java
Default/dodaj_nominal_10gr.java
Default/do_wyboru.java
Default/dodaj_nominal_5.java
Default/dodaj_nominal_2zl.java
